[   520.492] 
X.Org X Server 1.21.1.16
X Protocol Version 11, Revision 0
[   520.492] Current Operating System: Linux archlinux 6.13.6-arch1-1 #1 SMP PREEMPT_DYNAMIC Fri, 07 Mar 2025 20:19:00 +0000 x86_64
[   520.492] Kernel command line: BOOT_IMAGE=/vmlinuz-linux root=UUID=2df91ae2-1e8c-47c0-aea5-8ea2e121b79c rw zswap.enabled=0 rootfstype=ext4 loglevel=3 quiet
[   520.492]  
[   520.492] Current version of pixman: 0.44.2
[   520.492] 	Before reporting problems, check http://wiki.x.org
	to make sure that you have the latest version.
[   520.492] Markers: (--) probed, (**) from config file, (==) default setting,
	(++) from command line, (!!) notice, (II) informational,
	(WW) warning, (EE) error, (NI) not implemented, (??) unknown.
[   520.493] (==) Log file: "/home/gie/.local/share/xorg/Xorg.0.log", Time: Fri Mar 14 10:54:34 2025
[   520.493] (==) Using config directory: "/etc/X11/xorg.conf.d"
[   520.493] (==) Using system config directory "/usr/share/X11/xorg.conf.d"
[   520.493] (==) No Layout section.  Using the first Screen section.
[   520.493] (==) No screen section available. Using defaults.
[   520.493] (**) |-->Screen "Default Screen Section" (0)
[   520.493] (**) |   |-->Monitor "<default monitor>"
[   520.493] (==) No monitor specified for screen "Default Screen Section".
	Using a default monitor configuration.
[   520.493] (**) Allowing byte-swapped clients
[   520.493] (==) Automatically adding devices
[   520.493] (==) Automatically enabling devices
[   520.493] (==) Automatically adding GPU devices
[   520.493] (==) Automatically binding GPU devices
[   520.493] (==) Max clients allowed: 256, resource mask: 0x1fffff
[   520.493] (WW) The directory "/usr/share/fonts/misc" does not exist.
[   520.493] 	Entry deleted from font path.
[   520.493] (WW) The directory "/usr/share/fonts/OTF" does not exist.
[   520.493] 	Entry deleted from font path.
[   520.493] (WW) The directory "/usr/share/fonts/Type1" does not exist.
[   520.493] 	Entry deleted from font path.
[   520.493] (==) FontPath set to:
	/usr/share/fonts/TTF,
	/usr/share/fonts/100dpi,
	/usr/share/fonts/75dpi
[   520.493] (==) ModulePath set to "/usr/lib/xorg/modules"
[   520.493] (II) The server relies on udev to provide the list of input devices.
	If no devices become available, reconfigure udev or disable AutoAddDevices.
[   520.493] (II) Module ABI versions:
[   520.493] 	X.Org ANSI C Emulation: 0.4
[   520.493] 	X.Org Video Driver: 25.2
[   520.493] 	X.Org XInput driver : 24.4
[   520.493] 	X.Org Server Extension : 10.0
[   520.493] (++) using VT number 1

[   520.495] (II) systemd-logind: took control of session /org/freedesktop/login1/session/_35
[   520.496] (II) xfree86: Adding drm device (/dev/dri/card1)
[   520.496] (II) Platform probe for /sys/devices/pci0000:00/0000:00:08.1/0000:04:00.0/drm/card1
[   520.496] (II) systemd-logind: got fd for /dev/dri/card1 226:1 fd 13 paused 0
[   520.500] (--) PCI:*(4@0:0:0) 1002:1506:17aa:3c39 rev 193, Mem @ 0x470000000/268435456, 0x480000000/2097152, 0xc0400000/524288, I/O @ 0x00001000/256
[   520.500] (WW) Open ACPI failed (/var/run/acpid.socket) (No such file or directory)
[   520.500] (II) LoadModule: "glx"
[   520.500] (II) Loading /usr/lib/xorg/modules/extensions/libglx.so
[   520.501] (II) Module glx: vendor="X.Org Foundation"
[   520.501] 	compiled for 1.21.1.16, module version = 1.0.0
[   520.501] 	ABI class: X.Org Server Extension, version 10.0
[   520.502] (==) Matched ati as autoconfigured driver 0
[   520.502] (==) Matched modesetting as autoconfigured driver 1
[   520.502] (==) Matched fbdev as autoconfigured driver 2
[   520.502] (==) Matched vesa as autoconfigured driver 3
[   520.502] (==) Assigned the driver to the xf86ConfigLayout
[   520.502] (II) LoadModule: "ati"
[   520.502] (WW) Warning, couldn't open module ati
[   520.502] (EE) Failed to load module "ati" (module does not exist, 0)
[   520.502] (II) LoadModule: "modesetting"
[   520.502] (II) Loading /usr/lib/xorg/modules/drivers/modesetting_drv.so
[   520.502] (II) Module modesetting: vendor="X.Org Foundation"
[   520.502] 	compiled for 1.21.1.16, module version = 1.21.1
[   520.502] 	Module class: X.Org Video Driver
[   520.502] 	ABI class: X.Org Video Driver, version 25.2
[   520.502] (II) LoadModule: "fbdev"
[   520.502] (WW) Warning, couldn't open module fbdev
[   520.502] (EE) Failed to load module "fbdev" (module does not exist, 0)
[   520.502] (II) LoadModule: "vesa"
[   520.502] (II) Loading /usr/lib/xorg/modules/drivers/vesa_drv.so
[   520.502] (II) Module vesa: vendor="X.Org Foundation"
[   520.502] 	compiled for 1.21.1.11, module version = 2.6.0
[   520.502] 	Module class: X.Org Video Driver
[   520.502] 	ABI class: X.Org Video Driver, version 25.2
[   520.502] (II) modesetting: Driver for Modesetting Kernel Drivers: kms
[   520.502] (II) VESA: driver for VESA chipsets: vesa
[   520.502] xf86EnableIO: failed to enable I/O ports 0000-03ff (Operation not permitted)
[   520.502] (II) modeset(0): using drv /dev/dri/card1
[   520.502] (WW) VGA arbiter: cannot open kernel arbiter, no multi-card support
[   520.502] (II) modeset(0): Creating default Display subsection in Screen section
	"Default Screen Section" for depth/fbbpp 24/32
[   520.502] (==) modeset(0): Depth 24, (==) framebuffer bpp 32
[   520.502] (==) modeset(0): RGB weight 888
[   520.502] (==) modeset(0): Default visual is TrueColor
[   520.502] (II) Loading sub module "glamoregl"
[   520.502] (II) LoadModule: "glamoregl"
[   520.503] (II) Loading /usr/lib/xorg/modules/libglamoregl.so
[   520.505] (II) Module glamoregl: vendor="X.Org Foundation"
[   520.505] 	compiled for 1.21.1.16, module version = 1.0.1
[   520.505] 	ABI class: X.Org ANSI C Emulation, version 0.4
[   520.542] (II) modeset(0): glamor X acceleration enabled on AMD Radeon 610M (radeonsi, raphael_mendocino, LLVM 19.1.7, DRM 3.61, 6.13.6-arch1-1)
[   520.542] (II) modeset(0): glamor initialized
[   520.542] (==) modeset(0): VariableRefresh: disabled
[   520.542] (==) modeset(0): AsyncFlipSecondaries: disabled
[   520.544] (II) modeset(0): Output eDP-1 has no monitor section
[   520.544] (II) modeset(0): Output HDMI-1 has no monitor section
[   520.544] (II) modeset(0): Output DP-1 has no monitor section
[   520.544] (II) modeset(0): Output DP-2 has no monitor section
[   520.545] (II) modeset(0): EDID for output eDP-1
[   520.545] (II) modeset(0): Manufacturer: LEN  Model: 9051  Serial#: 0
[   520.545] (II) modeset(0): Year: 2019  Week: 35
[   520.545] (II) modeset(0): EDID Version: 1.4
[   520.545] (II) modeset(0): Digital Display Input
[   520.545] (II) modeset(0): 8 bits per channel
[   520.545] (II) modeset(0): Digital interface is DisplayPort
[   520.545] (II) modeset(0): Max Image Size [cm]: horiz.: 34  vert.: 19
[   520.545] (II) modeset(0): Gamma: 2.20
[   520.545] (II) modeset(0): No DPMS capabilities specified
[   520.545] (II) modeset(0): Supported color encodings: RGB 4:4:4 
[   520.545] (II) modeset(0): First detailed timing is preferred mode
[   520.545] (II) modeset(0): Preferred mode is native pixel format and refresh rate
[   520.545] (II) modeset(0): Display is continuous-frequency
[   520.545] (II) modeset(0): redX: 0.574 redY: 0.359   greenX: 0.350 greenY: 0.577
[   520.545] (II) modeset(0): blueX: 0.166 blueY: 0.126   whiteX: 0.313 whiteY: 0.329
[   520.545] (II) modeset(0): Manufacturer's mask: 0
[   520.545] (II) modeset(0): Supported detailed timing:
[   520.545] (II) modeset(0): clock: 148.5 MHz   Image Size:  344 x 194 mm
[   520.545] (II) modeset(0): h_active: 1920  h_sync: 1968  h_sync_end 2000 h_blank_end 2230 h_border: 0
[   520.545] (II) modeset(0): v_active: 1080  v_sync: 1083  v_sync_end 1089 v_blanking: 1110 v_border: 0
[   520.545] (II) modeset(0): Ranges: V min: 40 V max: 60 Hz, H min: 67 H max: 67 kHz, PixClock max 155 MHz
[   520.545] (II) modeset(0):  LENOVO
[   520.545] (II) modeset(0):  LEN156FHD
[   520.545] (II) modeset(0): EDID (in hex):
[   520.545] (II) modeset(0): 	00ffffffffffff0030ae519000000000
[   520.545] (II) modeset(0): 	231d0104a5221378030b95935c59932a
[   520.545] (II) modeset(0): 	20505400000001010101010101010101
[   520.545] (II) modeset(0): 	010101010101043a803671381e403020
[   520.545] (II) modeset(0): 	360058c21000001a000000fd00283c43
[   520.545] (II) modeset(0): 	430f010a000000000000000000fe004c
[   520.545] (II) modeset(0): 	454e4f564f0a202020202020000000fe
[   520.545] (II) modeset(0): 	004c454e313536464844202020200008
[   520.546] (II) modeset(0): Not using default mode "1920x1080" (bad mode clock/interlace/doublescan)
[   520.546] (II) modeset(0): Not using default mode "1440x810" (bad mode clock/interlace/doublescan)
[   520.546] (II) modeset(0): Not using default mode "1600x900" (bad mode clock/interlace/doublescan)
[   520.546] (II) modeset(0): Not using default mode "1600x900" (bad mode clock/interlace/doublescan)
[   520.546] (II) modeset(0): Not using default mode "1920x1080" (bad mode clock/interlace/doublescan)
[   520.546] (II) modeset(0): Not using default mode "1280x800" (bad mode clock/interlace/doublescan)
[   520.546] (II) modeset(0): Printing probed modes for output eDP-1
[   520.546] (II) modeset(0): Modeline "1920x1080"x60.0  148.52  1920 1968 2000 2230  1080 1083 1089 1110 +hsync -vsync (66.6 kHz eP)
[   520.546] (II) modeset(0): Modeline "1920x1080"x59.9  138.50  1920 1968 2000 2080  1080 1083 1088 1111 +hsync -vsync (66.6 kHz d)
[   520.546] (II) modeset(0): Modeline "1680x1050"x60.0  148.52  1680 1968 2000 2230  1050 1083 1089 1110 +hsync -vsync (66.6 kHz e)
[   520.546] (II) modeset(0): Modeline "1680x1050"x60.0  146.25  1680 1784 1960 2240  1050 1053 1059 1089 -hsync +vsync (65.3 kHz d)
[   520.546] (II) modeset(0): Modeline "1680x1050"x59.9  119.00  1680 1728 1760 1840  1050 1053 1059 1080 +hsync -vsync (64.7 kHz d)
[   520.546] (II) modeset(0): Modeline "1400x1050"x60.0  122.00  1400 1488 1640 1880  1050 1052 1064 1082 +hsync +vsync (64.9 kHz d)
[   520.546] (II) modeset(0): Modeline "1600x900"x59.9  118.25  1600 1696 1856 2112  900 903 908 934 -hsync +vsync (56.0 kHz d)
[   520.546] (II) modeset(0): Modeline "1600x900"x59.8   97.50  1600 1648 1680 1760  900 903 908 926 +hsync -vsync (55.4 kHz d)
[   520.546] (II) modeset(0): Modeline "1280x1024"x60.0  148.52  1280 1968 2000 2230  1024 1083 1089 1110 +hsync -vsync (66.6 kHz e)
[   520.546] (II) modeset(0): Modeline "1280x1024"x60.0  108.00  1280 1328 1440 1688  1024 1025 1028 1066 +hsync +vsync (64.0 kHz d)
[   520.546] (II) modeset(0): Modeline "1440x900"x60.0  148.52  1440 1968 2000 2230  900 1083 1089 1110 +hsync -vsync (66.6 kHz e)
[   520.546] (II) modeset(0): Modeline "1400x900"x60.0  103.50  1400 1480 1624 1848  900 903 913 934 -hsync +vsync (56.0 kHz d)
[   520.546] (II) modeset(0): Modeline "1400x900"x59.9   86.50  1400 1448 1480 1560  900 903 913 926 +hsync -vsync (55.4 kHz d)
[   520.546] (II) modeset(0): Modeline "1280x960"x60.0  108.00  1280 1376 1488 1800  960 961 964 1000 +hsync +vsync (60.0 kHz d)
[   520.546] (II) modeset(0): Modeline "1440x810"x60.0  151.88  1440 1464 1480 1520  810 811 814 833 doublescan +hsync -vsync (99.9 kHz d)
[   520.546] (II) modeset(0): Modeline "1368x768"x59.9   85.25  1368 1440 1576 1784  768 771 781 798 -hsync +vsync (47.8 kHz d)
[   520.546] (II) modeset(0): Modeline "1368x768"x59.9   72.25  1368 1416 1448 1528  768 771 781 790 +hsync -vsync (47.3 kHz d)
[   520.546] (II) modeset(0): Modeline "1280x800"x60.0  148.52  1280 1968 2000 2230  800 1083 1089 1110 +hsync -vsync (66.6 kHz e)
[   520.546] (II) modeset(0): Modeline "1280x800"x60.0  134.25  1280 1304 1320 1360  800 801 804 823 doublescan +hsync -vsync (98.7 kHz d)
[   520.546] (II) modeset(0): Modeline "1280x800"x59.8   83.50  1280 1352 1480 1680  800 803 809 831 -hsync +vsync (49.7 kHz d)
[   520.546] (II) modeset(0): Modeline "1280x800"x59.9   71.00  1280 1328 1360 1440  800 803 809 823 +hsync -vsync (49.3 kHz d)
[   520.546] (II) modeset(0): Modeline "1280x720"x60.0  156.12  1280 1376 1512 1744  720 721 724 746 doublescan -hsync +vsync (89.5 kHz d)
[   520.546] (II) modeset(0): Modeline "1280x720"x60.0  148.52  1280 1968 2000 2230  720 1083 1089 1110 +hsync -vsync (66.6 kHz e)
[   520.546] (II) modeset(0): Modeline "1280x720"x60.0  120.75  1280 1304 1320 1360  720 721 724 740 doublescan +hsync -vsync (88.8 kHz d)
[   520.546] (II) modeset(0): Modeline "1280x720"x59.9   74.50  1280 1344 1472 1664  720 723 728 748 -hsync +vsync (44.8 kHz d)
[   520.546] (II) modeset(0): Modeline "1280x720"x59.7   63.75  1280 1328 1360 1440  720 723 728 741 +hsync -vsync (44.3 kHz d)
[   520.546] (II) modeset(0): Modeline "1024x768"x60.0  148.52  1024 1968 2000 2230  768 1083 1089 1110 +hsync -vsync (66.6 kHz e)
[   520.546] (II) modeset(0): Modeline "1024x768"x60.0  133.47  1024 1100 1212 1400  768 768 770 794 doublescan -hsync +vsync (95.3 kHz d)
[   520.546] (II) modeset(0): Modeline "1024x768"x60.0   65.00  1024 1048 1184 1344  768 771 777 806 -hsync -vsync (48.4 kHz d)
[   520.546] (II) modeset(0): Modeline "960x720"x60.0  117.00  960 1024 1128 1300  720 720 722 750 doublescan -hsync +vsync (90.0 kHz d)
[   520.546] (II) modeset(0): Modeline "928x696"x60.1  109.15  928 976 1088 1264  696 696 698 719 doublescan -hsync +vsync (86.4 kHz d)
[   520.546] (II) modeset(0): Modeline "896x672"x60.0  102.40  896 960 1060 1224  672 672 674 697 doublescan -hsync +vsync (83.7 kHz d)
[   520.546] (II) modeset(0): Modeline "1024x576"x60.0   98.50  1024 1092 1200 1376  576 577 580 597 doublescan -hsync +vsync (71.6 kHz d)
[   520.546] (II) modeset(0): Modeline "1024x576"x60.0   78.38  1024 1048 1064 1104  576 577 580 592 doublescan +hsync -vsync (71.0 kHz d)
[   520.546] (II) modeset(0): Modeline "1024x576"x59.9   46.50  1024 1064 1160 1296  576 579 584 599 -hsync +vsync (35.9 kHz d)
[   520.546] (II) modeset(0): Modeline "1024x576"x59.8   42.00  1024 1072 1104 1184  576 579 584 593 +hsync -vsync (35.5 kHz d)
[   520.546] (II) modeset(0): Modeline "960x600"x59.9   96.62  960 1028 1128 1296  600 601 604 622 doublescan -hsync +vsync (74.6 kHz d)
[   520.546] (II) modeset(0): Modeline "960x600"x60.0   77.00  960 984 1000 1040  600 601 604 617 doublescan +hsync -vsync (74.0 kHz d)
[   520.546] (II) modeset(0): Modeline "960x540"x60.0   86.50  960 1024 1124 1288  540 541 544 560 doublescan -hsync +vsync (67.2 kHz d)
[   520.546] (II) modeset(0): Modeline "960x540"x60.0   69.25  960 984 1000 1040  540 541 544 555 doublescan +hsync -vsync (66.6 kHz d)
[   520.546] (II) modeset(0): Modeline "960x540"x59.6   40.75  960 992 1088 1216  540 543 548 562 -hsync +vsync (33.5 kHz d)
[   520.546] (II) modeset(0): Modeline "960x540"x59.8   37.25  960 1008 1040 1120  540 543 548 556 +hsync -vsync (33.3 kHz d)
[   520.546] (II) modeset(0): Modeline "800x600"x60.0  148.52  800 1968 2000 2230  600 1083 1089 1110 +hsync -vsync (66.6 kHz e)
[   520.546] (II) modeset(0): Modeline "800x600"x60.0   81.00  800 832 928 1080  600 600 602 625 doublescan +hsync +vsync (75.0 kHz d)
[   520.546] (II) modeset(0): Modeline "800x600"x60.3   40.00  800 840 968 1056  600 601 605 628 +hsync +vsync (37.9 kHz d)
[   520.546] (II) modeset(0): Modeline "800x600"x56.2   36.00  800 824 896 1024  600 601 603 625 +hsync +vsync (35.2 kHz d)
[   520.546] (II) modeset(0): Modeline "840x525"x60.0   73.12  840 892 980 1120  525 526 529 544 doublescan -hsync +vsync (65.3 kHz d)
[   520.546] (II) modeset(0): Modeline "840x525"x59.9   59.50  840 864 880 920  525 526 529 540 doublescan +hsync -vsync (64.7 kHz d)
[   520.546] (II) modeset(0): Modeline "864x486"x59.9   32.50  864 888 968 1072  486 489 494 506 -hsync +vsync (30.3 kHz d)
[   520.546] (II) modeset(0): Modeline "864x486"x59.6   30.50  864 912 944 1024  486 489 494 500 +hsync -vsync (29.8 kHz d)
[   520.546] (II) modeset(0): Modeline "700x525"x60.0   61.00  700 744 820 940  525 526 532 541 doublescan +hsync +vsync (64.9 kHz d)
[   520.546] (II) modeset(0): Modeline "800x450"x59.9   59.12  800 848 928 1056  450 451 454 467 doublescan -hsync +vsync (56.0 kHz d)
[   520.546] (II) modeset(0): Modeline "800x450"x59.8   48.75  800 824 840 880  450 451 454 463 doublescan +hsync -vsync (55.4 kHz d)
[   520.546] (II) modeset(0): Modeline "640x512"x60.0   54.00  640 664 720 844  512 512 514 533 doublescan +hsync +vsync (64.0 kHz d)
[   520.546] (II) modeset(0): Modeline "700x450"x60.0   51.75  700 740 812 924  450 451 456 467 doublescan -hsync +vsync (56.0 kHz d)
[   520.546] (II) modeset(0): Modeline "700x450"x59.9   43.25  700 724 740 780  450 451 456 463 doublescan +hsync -vsync (55.4 kHz d)
[   520.546] (II) modeset(0): Modeline "640x480"x60.0  148.52  640 1968 2000 2230  480 1083 1089 1110 +hsync -vsync (66.6 kHz e)
[   520.546] (II) modeset(0): Modeline "640x480"x60.0   54.00  640 688 744 900  480 480 482 500 doublescan +hsync +vsync (60.0 kHz d)
[   520.546] (II) modeset(0): Modeline "640x480"x59.9   25.18  640 656 752 800  480 490 492 525 -hsync -vsync (31.5 kHz d)
[   520.546] (II) modeset(0): Modeline "720x405"x59.5   22.50  720 744 808 896  405 408 413 422 -hsync +vsync (25.1 kHz d)
[   520.546] (II) modeset(0): Modeline "720x405"x59.0   21.75  720 768 800 880  405 408 413 419 +hsync -vsync (24.7 kHz d)
[   520.546] (II) modeset(0): Modeline "684x384"x59.9   42.62  684 720 788 892  384 385 390 399 doublescan -hsync +vsync (47.8 kHz d)
[   520.546] (II) modeset(0): Modeline "684x384"x59.9   36.12  684 708 724 764  384 385 390 395 doublescan +hsync -vsync (47.3 kHz d)
[   520.546] (II) modeset(0): Modeline "640x400"x59.9   41.75  640 676 740 840  400 401 404 415 doublescan -hsync +vsync (49.7 kHz d)
[   520.546] (II) modeset(0): Modeline "640x400"x60.0   35.50  640 664 680 720  400 401 404 411 doublescan +hsync -vsync (49.3 kHz d)
[   520.546] (II) modeset(0): Modeline "640x360"x59.9   37.25  640 672 736 832  360 361 364 374 doublescan -hsync +vsync (44.8 kHz d)
[   520.546] (II) modeset(0): Modeline "640x360"x59.8   31.88  640 664 680 720  360 361 364 370 doublescan +hsync -vsync (44.3 kHz d)
[   520.546] (II) modeset(0): Modeline "640x360"x59.8   18.00  640 664 720 800  360 363 368 376 -hsync +vsync (22.5 kHz d)
[   520.546] (II) modeset(0): Modeline "640x360"x59.3   17.75  640 688 720 800  360 363 368 374 +hsync -vsync (22.2 kHz d)
[   520.546] (II) modeset(0): Modeline "512x384"x60.0   32.50  512 524 592 672  384 385 388 403 doublescan -hsync -vsync (48.4 kHz d)
[   520.546] (II) modeset(0): Modeline "512x288"x60.0   23.25  512 532 580 648  288 289 292 299 doublescan -hsync +vsync (35.9 kHz d)
[   520.546] (II) modeset(0): Modeline "512x288"x59.9   21.00  512 536 552 592  288 289 292 296 doublescan +hsync -vsync (35.5 kHz d)
[   520.546] (II) modeset(0): Modeline "480x270"x59.6   20.38  480 496 544 608  270 271 274 281 doublescan -hsync +vsync (33.5 kHz d)
[   520.546] (II) modeset(0): Modeline "480x270"x59.8   18.62  480 504 520 560  270 271 274 278 doublescan +hsync -vsync (33.3 kHz d)
[   520.546] (II) modeset(0): Modeline "400x300"x60.3   20.00  400 420 484 528  300 300 302 314 doublescan +hsync +vsync (37.9 kHz d)
[   520.546] (II) modeset(0): Modeline "400x300"x56.3   18.00  400 412 448 512  300 300 301 312 doublescan +hsync +vsync (35.2 kHz d)
[   520.546] (II) modeset(0): Modeline "432x243"x59.9   16.25  432 444 484 536  243 244 247 253 doublescan -hsync +vsync (30.3 kHz d)
[   520.546] (II) modeset(0): Modeline "432x243"x59.6   15.25  432 456 472 512  243 244 247 250 doublescan +hsync -vsync (29.8 kHz d)
[   520.546] (II) modeset(0): Modeline "320x240"x60.1   12.59  320 328 376 400  240 245 246 262 doublescan -hsync -vsync (31.5 kHz d)
[   520.546] (II) modeset(0): Modeline "360x202"x59.5   11.25  360 372 404 448  202 204 206 211 doublescan -hsync +vsync (25.1 kHz d)
[   520.546] (II) modeset(0): Modeline "360x202"x59.1   10.88  360 384 400 440  202 204 206 209 doublescan +hsync -vsync (24.7 kHz d)
[   520.546] (II) modeset(0): Modeline "320x180"x59.8    9.00  320 332 360 400  180 181 184 188 doublescan -hsync +vsync (22.5 kHz d)
[   520.546] (II) modeset(0): Modeline "320x180"x59.3    8.88  320 344 360 400  180 181 184 187 doublescan +hsync -vsync (22.2 kHz d)
[   520.546] (II) modeset(0): EDID for output HDMI-1
[   520.546] (II) modeset(0): EDID for output DP-1
[   520.546] (II) modeset(0): EDID for output DP-2
[   520.546] (II) modeset(0): Output eDP-1 connected
[   520.546] (II) modeset(0): Output HDMI-1 disconnected
[   520.546] (II) modeset(0): Output DP-1 disconnected
[   520.546] (II) modeset(0): Output DP-2 disconnected
[   520.546] (II) modeset(0): Using exact sizes for initial modes
[   520.546] (II) modeset(0): Output eDP-1 using initial mode 1920x1080 +0+0
[   520.546] (==) modeset(0): Using gamma correction (1.0, 1.0, 1.0)
[   520.546] (==) modeset(0): DPI set to (96, 96)
[   520.546] (II) Loading sub module "fb"
[   520.546] (II) LoadModule: "fb"
[   520.546] (II) Module "fb" already built-in
[   520.546] (II) UnloadModule: "vesa"
[   520.546] (II) Unloading vesa
[   520.557] (==) modeset(0): Backing store enabled
[   520.557] (==) modeset(0): Silken mouse enabled
[   520.558] (II) modeset(0): Initializing kms color map for depth 24, 8 bpc.
[   520.558] (==) modeset(0): DPMS enabled
[   520.558] (II) modeset(0): [DRI2] Setup complete
[   520.558] (II) modeset(0): [DRI2]   DRI driver: radeonsi
[   520.558] (II) modeset(0): [DRI2]   VDPAU driver: radeonsi
[   520.558] (II) Initializing extension Generic Event Extension
[   520.558] (II) Initializing extension SHAPE
[   520.558] (II) Initializing extension MIT-SHM
[   520.558] (II) Initializing extension XInputExtension
[   520.558] (II) Initializing extension XTEST
[   520.558] (II) Initializing extension BIG-REQUESTS
[   520.558] (II) Initializing extension SYNC
[   520.558] (II) Initializing extension XKEYBOARD
[   520.558] (II) Initializing extension XC-MISC
[   520.559] (II) Initializing extension SECURITY
[   520.559] (II) Initializing extension XFIXES
[   520.559] (II) Initializing extension RENDER
[   520.559] (II) Initializing extension RANDR
[   520.559] (II) Initializing extension COMPOSITE
[   520.559] (II) Initializing extension DAMAGE
[   520.559] (II) Initializing extension MIT-SCREEN-SAVER
[   520.559] (II) Initializing extension DOUBLE-BUFFER
[   520.559] (II) Initializing extension RECORD
[   520.559] (II) Initializing extension DPMS
[   520.559] (II) Initializing extension Present
[   520.559] (II) Initializing extension DRI3
[   520.559] (II) Initializing extension X-Resource
[   520.559] (II) Initializing extension XVideo
[   520.559] (II) Initializing extension XVideo-MotionCompensation
[   520.559] (II) Initializing extension GLX
[   520.565] (II) AIGLX: Loaded and initialized radeonsi
[   520.565] (II) GLX: Initialized DRI2 GL provider for screen 0
[   520.565] (II) Initializing extension XFree86-VidModeExtension
[   520.565] (II) Initializing extension XFree86-DGA
[   520.565] (II) Initializing extension XFree86-DRI
[   520.565] (II) Initializing extension DRI2
[   520.566] (II) modeset(0): Damage tracking initialized
[   520.566] (II) modeset(0): Setting screen physical size to 508 x 285
[   520.634] (II) config/udev: Adding input device Video Bus (/dev/input/event2)
[   520.634] (**) Video Bus: Applying InputClass "libinput keyboard catchall"
[   520.634] (**) Video Bus: Applying InputClass "system-keyboard"
[   520.634] (II) LoadModule: "libinput"
[   520.634] (II) Loading /usr/lib/xorg/modules/input/libinput_drv.so
[   520.636] (II) Module libinput: vendor="X.Org Foundation"
[   520.636] 	compiled for 1.21.1.13, module version = 1.5.0
[   520.636] 	Module class: X.Org XInput Driver
[   520.636] 	ABI class: X.Org XInput driver, version 24.4
[   520.636] (II) Using input driver 'libinput' for 'Video Bus'
[   520.637] (II) systemd-logind: got fd for /dev/input/event2 13:66 fd 24 paused 0
[   520.637] (**) Video Bus: always reports core events
[   520.637] (**) Option "Device" "/dev/input/event2"
[   520.639] (II) event2  - Video Bus: is tagged by udev as: Keyboard
[   520.639] (II) event2  - Video Bus: device is a keyboard
[   520.639] (II) event2  - Video Bus: device removed
[   520.639] (**) Option "config_info" "udev:/sys/devices/LNXSYSTM:00/LNXSYBUS:00/PNP0A08:00/device:08/LNXVIDEO:00/input/input2/event2"
[   520.639] (II) XINPUT: Adding extended input device "Video Bus" (type: KEYBOARD, id 6)
[   520.639] (**) Option "xkb_model" "pc105+inet"
[   520.639] (**) Option "xkb_layout" "us"
[   520.639] (**) Option "xkb_options" "terminate:ctrl_alt_bksp"
[   520.659] (II) event2  - Video Bus: is tagged by udev as: Keyboard
[   520.659] (II) event2  - Video Bus: device is a keyboard
[   520.660] (II) config/udev: Adding input device Power Button (/dev/input/event1)
[   520.660] (**) Power Button: Applying InputClass "libinput keyboard catchall"
[   520.660] (**) Power Button: Applying InputClass "system-keyboard"
[   520.660] (II) Using input driver 'libinput' for 'Power Button'
[   520.661] (II) systemd-logind: got fd for /dev/input/event1 13:65 fd 27 paused 0
[   520.661] (**) Power Button: always reports core events
[   520.661] (**) Option "Device" "/dev/input/event1"
[   520.662] (II) event1  - Power Button: is tagged by udev as: Keyboard
[   520.662] (II) event1  - Power Button: device is a keyboard
[   520.662] (II) event1  - Power Button: device removed
[   520.662] (**) Option "config_info" "udev:/sys/devices/LNXSYSTM:00/LNXSYBUS:00/PNP0C0C:00/input/input1/event1"
[   520.662] (II) XINPUT: Adding extended input device "Power Button" (type: KEYBOARD, id 7)
[   520.662] (**) Option "xkb_model" "pc105+inet"
[   520.662] (**) Option "xkb_layout" "us"
[   520.662] (**) Option "xkb_options" "terminate:ctrl_alt_bksp"
[   520.662] (II) event1  - Power Button: is tagged by udev as: Keyboard
[   520.662] (II) event1  - Power Button: device is a keyboard
[   520.663] (II) config/udev: Adding input device Lid Switch (/dev/input/event0)
[   520.663] (II) No input driver specified, ignoring this device.
[   520.663] (II) This device may have been added with another device file.
[   520.664] (II) config/udev: Adding input device HD-Audio Generic HDMI/DP,pcm=3 (/dev/input/event9)
[   520.664] (II) No input driver specified, ignoring this device.
[   520.664] (II) This device may have been added with another device file.
[   520.664] (II) config/udev: Adding input device HD-Audio Generic HDMI/DP,pcm=7 (/dev/input/event10)
[   520.664] (II) No input driver specified, ignoring this device.
[   520.664] (II) This device may have been added with another device file.
[   520.665] (II) config/udev: Adding input device Logitech G304 (/dev/input/event4)
[   520.665] (**) Logitech G304: Applying InputClass "libinput pointer catchall"
[   520.665] (**) Logitech G304: Applying InputClass "libinput keyboard catchall"
[   520.665] (**) Logitech G304: Applying InputClass "system-keyboard"
[   520.665] (II) Using input driver 'libinput' for 'Logitech G304'
[   520.666] (II) systemd-logind: got fd for /dev/input/event4 13:68 fd 28 paused 0
[   520.666] (**) Logitech G304: always reports core events
[   520.666] (**) Option "Device" "/dev/input/event4"
[   520.667] (II) event4  - Logitech G304: is tagged by udev as: Keyboard Mouse
[   520.667] (II) event4  - Logitech G304: device is a pointer
[   520.667] (II) event4  - Logitech G304: device is a keyboard
[   520.667] (II) event4  - Logitech G304: device removed
[   520.667] (II) libinput: Logitech G304: Step value 0 was provided, libinput Fallback acceleration function is used.
[   520.667] (II) libinput: Logitech G304: Step value 0 was provided, libinput Fallback acceleration function is used.
[   520.667] (II) libinput: Logitech G304: Step value 0 was provided, libinput Fallback acceleration function is used.
[   520.667] (II) libinput: Logitech G304: needs a virtual subdevice
[   520.667] (**) Option "config_info" "udev:/sys/devices/pci0000:00/0000:00:08.1/0000:04:00.4/usb3/3-2/3-2:1.2/0003:046D:C53F.0003/0003:046D:4074.0004/input/input14/event4"
[   520.667] (II) XINPUT: Adding extended input device "Logitech G304" (type: MOUSE, id 8)
[   520.667] (**) Option "AccelerationScheme" "none"
[   520.667] (**) Logitech G304: (accel) selected scheme none/0
[   520.667] (**) Logitech G304: (accel) acceleration factor: 2.000
[   520.667] (**) Logitech G304: (accel) acceleration threshold: 4
[   520.668] (II) event4  - Logitech G304: is tagged by udev as: Keyboard Mouse
[   520.669] (II) event4  - Logitech G304: device is a pointer
[   520.669] (II) event4  - Logitech G304: device is a keyboard
[   520.669] (II) config/udev: Adding input device Logitech G304 (/dev/input/mouse0)
[   520.669] (**) Logitech G304: Applying InputClass "system-keyboard"
[   520.669] (II) No input driver specified, ignoring this device.
[   520.669] (II) This device may have been added with another device file.
[   520.670] (II) config/udev: Adding input device HD-Audio Generic Mic (/dev/input/event11)
[   520.670] (II) No input driver specified, ignoring this device.
[   520.670] (II) This device may have been added with another device file.
[   520.670] (II) config/udev: Adding input device HD-Audio Generic Headphone (/dev/input/event12)
[   520.670] (II) No input driver specified, ignoring this device.
[   520.670] (II) This device may have been added with another device file.
[   520.670] (II) config/udev: Adding input device Ideapad extra buttons (/dev/input/event8)
[   520.670] (**) Ideapad extra buttons: Applying InputClass "libinput keyboard catchall"
[   520.670] (**) Ideapad extra buttons: Applying InputClass "system-keyboard"
[   520.670] (II) Using input driver 'libinput' for 'Ideapad extra buttons'
[   520.671] (II) systemd-logind: got fd for /dev/input/event8 13:72 fd 29 paused 0
[   520.671] (**) Ideapad extra buttons: always reports core events
[   520.671] (**) Option "Device" "/dev/input/event8"
[   520.672] (II) event8  - Ideapad extra buttons: is tagged by udev as: Keyboard
[   520.672] (II) event8  - Ideapad extra buttons: device is a keyboard
[   520.672] (II) event8  - Ideapad extra buttons: device removed
[   520.672] (**) Option "config_info" "udev:/sys/devices/pci0000:00/0000:00:14.3/PNP0C09:00/VPC2004:00/input/input19/event8"
[   520.672] (II) XINPUT: Adding extended input device "Ideapad extra buttons" (type: KEYBOARD, id 9)
[   520.672] (**) Option "xkb_model" "pc105+inet"
[   520.672] (**) Option "xkb_layout" "us"
[   520.672] (**) Option "xkb_options" "terminate:ctrl_alt_bksp"
[   520.673] (II) event8  - Ideapad extra buttons: is tagged by udev as: Keyboard
[   520.673] (II) event8  - Ideapad extra buttons: device is a keyboard
[   520.674] (II) config/udev: Adding input device ELAN06FA:00 04F3:32B9 Mouse (/dev/input/event6)
[   520.674] (**) ELAN06FA:00 04F3:32B9 Mouse: Applying InputClass "libinput pointer catchall"
[   520.674] (II) Using input driver 'libinput' for 'ELAN06FA:00 04F3:32B9 Mouse'
[   520.674] (II) systemd-logind: got fd for /dev/input/event6 13:70 fd 30 paused 0
[   520.674] (**) ELAN06FA:00 04F3:32B9 Mouse: always reports core events
[   520.674] (**) Option "Device" "/dev/input/event6"
[   520.675] (II) event6  - ELAN06FA:00 04F3:32B9 Mouse: is tagged by udev as: Mouse Pointingstick
[   520.675] (II) event6  - ELAN06FA:00 04F3:32B9 Mouse: device is a pointer
[   520.676] (II) event6  - ELAN06FA:00 04F3:32B9 Mouse: device removed
[   520.676] (II) libinput: ELAN06FA:00 04F3:32B9 Mouse: Step value 0 was provided, libinput Fallback acceleration function is used.
[   520.676] (II) libinput: ELAN06FA:00 04F3:32B9 Mouse: Step value 0 was provided, libinput Fallback acceleration function is used.
[   520.676] (II) libinput: ELAN06FA:00 04F3:32B9 Mouse: Step value 0 was provided, libinput Fallback acceleration function is used.
[   520.676] (**) Option "config_info" "udev:/sys/devices/platform/AMDI0010:00/i2c-0/i2c-ELAN06FA:00/0018:04F3:32B9.0005/input/input20/event6"
[   520.676] (II) XINPUT: Adding extended input device "ELAN06FA:00 04F3:32B9 Mouse" (type: MOUSE, id 10)
[   520.676] (**) Option "AccelerationScheme" "none"
[   520.676] (**) ELAN06FA:00 04F3:32B9 Mouse: (accel) selected scheme none/0
[   520.676] (**) ELAN06FA:00 04F3:32B9 Mouse: (accel) acceleration factor: 2.000
[   520.676] (**) ELAN06FA:00 04F3:32B9 Mouse: (accel) acceleration threshold: 4
[   520.677] (II) event6  - ELAN06FA:00 04F3:32B9 Mouse: is tagged by udev as: Mouse Pointingstick
[   520.677] (II) event6  - ELAN06FA:00 04F3:32B9 Mouse: device is a pointer
[   520.678] (II) config/udev: Adding input device ELAN06FA:00 04F3:32B9 Mouse (/dev/input/mouse1)
[   520.678] (II) No input driver specified, ignoring this device.
[   520.678] (II) This device may have been added with another device file.
[   520.678] (II) config/udev: Adding input device ELAN06FA:00 04F3:32B9 Touchpad (/dev/input/event7)
[   520.678] (**) ELAN06FA:00 04F3:32B9 Touchpad: Applying InputClass "libinput touchpad catchall"
[   520.678] (**) ELAN06FA:00 04F3:32B9 Touchpad: Applying InputClass "touchpad"
[   520.678] (II) Using input driver 'libinput' for 'ELAN06FA:00 04F3:32B9 Touchpad'
[   520.679] (II) systemd-logind: got fd for /dev/input/event7 13:71 fd 31 paused 0
[   520.679] (**) ELAN06FA:00 04F3:32B9 Touchpad: always reports core events
[   520.679] (**) Option "Device" "/dev/input/event7"
[   520.680] (II) event7  - ELAN06FA:00 04F3:32B9 Touchpad: is tagged by udev as: Touchpad
[   520.681] (II) event7  - ELAN06FA:00 04F3:32B9 Touchpad: device is a touchpad
[   520.682] (II) event7  - ELAN06FA:00 04F3:32B9 Touchpad: device removed
[   520.682] (**) Option "Tapping" "on"
[   520.682] (II) libinput: ELAN06FA:00 04F3:32B9 Touchpad: Step value 0 was provided, libinput Fallback acceleration function is used.
[   520.682] (II) libinput: ELAN06FA:00 04F3:32B9 Touchpad: Step value 0 was provided, libinput Fallback acceleration function is used.
[   520.682] (II) libinput: ELAN06FA:00 04F3:32B9 Touchpad: Step value 0 was provided, libinput Fallback acceleration function is used.
[   520.682] (**) Option "NaturalScrolling" "true"
[   520.682] (**) Option "config_info" "udev:/sys/devices/platform/AMDI0010:00/i2c-0/i2c-ELAN06FA:00/0018:04F3:32B9.0005/input/input22/event7"
[   520.682] (II) XINPUT: Adding extended input device "ELAN06FA:00 04F3:32B9 Touchpad" (type: TOUCHPAD, id 11)
[   520.683] (**) Option "AccelerationScheme" "none"
[   520.683] (**) ELAN06FA:00 04F3:32B9 Touchpad: (accel) selected scheme none/0
[   520.683] (**) ELAN06FA:00 04F3:32B9 Touchpad: (accel) acceleration factor: 2.000
[   520.683] (**) ELAN06FA:00 04F3:32B9 Touchpad: (accel) acceleration threshold: 4
[   520.684] (II) event7  - ELAN06FA:00 04F3:32B9 Touchpad: is tagged by udev as: Touchpad
[   520.685] (II) event7  - ELAN06FA:00 04F3:32B9 Touchpad: device is a touchpad
[   520.686] (II) config/udev: Adding input device ELAN06FA:00 04F3:32B9 Touchpad (/dev/input/mouse2)
[   520.686] (II) No input driver specified, ignoring this device.
[   520.686] (II) This device may have been added with another device file.
[   520.686] (II) config/udev: Adding input device AT Translated Set 2 keyboard (/dev/input/event3)
[   520.686] (**) AT Translated Set 2 keyboard: Applying InputClass "libinput keyboard catchall"
[   520.686] (**) AT Translated Set 2 keyboard: Applying InputClass "system-keyboard"
[   520.686] (II) Using input driver 'libinput' for 'AT Translated Set 2 keyboard'
[   520.687] (II) systemd-logind: got fd for /dev/input/event3 13:67 fd 32 paused 0
[   520.687] (**) AT Translated Set 2 keyboard: always reports core events
[   520.687] (**) Option "Device" "/dev/input/event3"
[   520.688] (II) event3  - AT Translated Set 2 keyboard: is tagged by udev as: Keyboard
[   520.688] (II) event3  - AT Translated Set 2 keyboard: device is a keyboard
[   520.688] (II) event3  - AT Translated Set 2 keyboard: device removed
[   520.689] (**) Option "config_info" "udev:/sys/devices/platform/i8042/serio0/input/input3/event3"
[   520.689] (II) XINPUT: Adding extended input device "AT Translated Set 2 keyboard" (type: KEYBOARD, id 12)
[   520.689] (**) Option "xkb_model" "pc105+inet"
[   520.689] (**) Option "xkb_layout" "us"
[   520.689] (**) Option "xkb_options" "terminate:ctrl_alt_bksp"
[   520.689] (II) event3  - AT Translated Set 2 keyboard: is tagged by udev as: Keyboard
[   520.689] (II) event3  - AT Translated Set 2 keyboard: device is a keyboard
[   520.690] (II) config/udev: Adding input device PC Speaker (/dev/input/event5)
[   520.690] (II) No input driver specified, ignoring this device.
[   520.690] (II) This device may have been added with another device file.
[   520.696] (**) Logitech G304: Applying InputClass "libinput pointer catchall"
[   520.696] (**) Logitech G304: Applying InputClass "libinput keyboard catchall"
[   520.696] (**) Logitech G304: Applying InputClass "system-keyboard"
[   520.696] (II) Using input driver 'libinput' for 'Logitech G304'
[   520.696] (II) systemd-logind: returning pre-existing fd for /dev/input/event4 13:68
[   520.696] (**) Logitech G304: always reports core events
[   520.696] (**) Option "Device" "/dev/input/event4"
[   520.696] (II) libinput: Logitech G304: is a virtual subdevice
[   520.696] (II) libinput: Logitech G304: Step value 0 was provided, libinput Fallback acceleration function is used.
[   520.696] (II) libinput: Logitech G304: Step value 0 was provided, libinput Fallback acceleration function is used.
[   520.696] (II) libinput: Logitech G304: Step value 0 was provided, libinput Fallback acceleration function is used.
[   520.696] (**) Option "config_info" "udev:/sys/devices/pci0000:00/0000:00:08.1/0000:04:00.4/usb3/3-2/3-2:1.2/0003:046D:C53F.0003/0003:046D:4074.0004/input/input14/event4"
[   520.696] (II) XINPUT: Adding extended input device "Logitech G304" (type: KEYBOARD, id 13)
[   520.696] (**) Option "xkb_model" "pc105+inet"
[   520.696] (**) Option "xkb_layout" "us"
[   520.696] (**) Option "xkb_options" "terminate:ctrl_alt_bksp"
[   520.706] (II) modeset(0): Disabling kernel dirty updates, not required.
